============================== Prover9 ===============================
Prover9 (32) version 2009-11A, November 2009.
Process 22030 was started by rafpaf on web107.webfaction.com,
Mon Nov 28 19:51:10 2011
The command was "prover9 -f 2p16.in".
============================== end of head ===========================

============================== INPUT =================================

% Reading from file 2p16.in


formulas(assumptions).
(all e all c (cause(c,e) -> (all ic all ie (is_idea_of(ic,c) & is_idea_of(ie,e) -> depends_on(ie,ic) & involves(ie,ic))))).
end_of_list.

formulas(assumptions).
(all x F(x)).
end_of_list.

formulas(goals).
(all x F(x)).
end_of_list.

============================== end of input ==========================

============================== PROCESS NON-CLAUSAL FORMULAS ==========

% Formulas that are not ordinary clauses:
1 (all e all c (cause(c,e) -> (all ic all ie (is_idea_of(ic,c) & is_idea_of(ie,e) -> depends_on(ie,ic) & involves(ie,ic))))) # label(non_clause).  [assumption].
2 (all x F(x)) # label(non_clause).  [assumption].
3 (all x F(x)) # label(non_clause) # label(goal).  [goal].

============================== end of process non-clausal formulas ===

============================== PROCESS INITIAL CLAUSES ===============

% Clauses before input processing:

formulas(usable).
end_of_list.

formulas(sos).
-cause(x,y) | -is_idea_of(z,x) | -is_idea_of(u,y) | depends_on(u,z).  [clausify(1)].
-cause(x,y) | -is_idea_of(z,x) | -is_idea_of(u,y) | involves(u,z).  [clausify(1)].
F(x).  [clausify(2)].
-F(c1).  [deny(3)].
end_of_list.

formulas(demodulators).
end_of_list.

============================== PREDICATE ELIMINATION =================

Eliminating cause/2

Eliminating F/1
4 -F(c1).  [deny(3)].
5 F(x).  [clausify(2)].
Derived: $F.  [resolve(4,a,5,a)].

============================== end predicate elimination =============

Auto_denials:  (no changes).

Term ordering decisions:
Predicate symbol precedence:  predicate_order([ ]).
Function symbol precedence:  function_order([ ]).
After inverse_order:  (no changes).
Unfolding symbols: (none).

Auto_inference settings:
  % set(neg_binary_resolution).  % (HNE depth_diff=0)
  % clear(ordered_res).  % (HNE depth_diff=0)
  % set(ur_resolution).  % (HNE depth_diff=0)
    % set(ur_resolution) -> set(pos_ur_resolution).
    % set(ur_resolution) -> set(neg_ur_resolution).

Auto_process settings:  (no changes).


============================== PROOF =================================

% Proof 1 at 0.01 (+ 0.00) seconds.
% Length of proof is 5.
% Level of proof is 2.
% Maximum clause weight is 0.000.
% Given clauses 0.

2 (all x F(x)) # label(non_clause).  [assumption].
3 (all x F(x)) # label(non_clause) # label(goal).  [goal].
4 -F(c1).  [deny(3)].
5 F(x).  [clausify(2)].
6 $F.  [resolve(4,a,5,a)].

============================== end of proof ==========================

============================== STATISTICS ============================

Given=0. Generated=1. Kept=0. proofs=1.
Usable=0. Sos=0. Demods=0. Limbo=0, Disabled=5. Hints=0.
Kept_by_rule=0, Deleted_by_rule=0.
Forward_subsumed=0. Back_subsumed=0.
Sos_limit_deleted=0. Sos_displaced=0. Sos_removed=0.
New_demodulators=0 (0 lex), Back_demodulated=0. Back_unit_deleted=0.
Demod_attempts=0. Demod_rewrites=0.
Res_instance_prunes=0. Para_instance_prunes=0. Basic_paramod_prunes=0.
Nonunit_fsub_feature_tests=0. Nonunit_bsub_feature_tests=0.
Megabytes=0.02.
User_CPU=0.01, System_CPU=0.00, Wall_clock=0.

============================== end of statistics =====================

============================== end of search =========================

THEOREM PROVED

Exiting with 1 proof.

Process 22030 exit (max_proofs) Mon Nov 28 19:51:10 2011
